This is pdfTeX, Version 3.141592653-2.6-1.40.26 (TeX Live 2024) (preloaded format=pdflatex 2024.4.5)  25 DEC 2025 09:55
entering extended mode
 restricted \write18 enabled.
 %&-line parsing enabled.
**\input ./Rd2.tex \input ./Rd2.tex \input ./Rd2.tex
(./Rd2.tex
(/usr/local/texlive/2024/texmf-dist/tex/latex/base/book.cls
Document Class: book 2023/05/17 v1.4n Standard LaTeX document class
(/usr/local/texlive/2024/texmf-dist/tex/latex/base/bk10.clo
File: bk10.clo 2023/05/17 v1.4n Standard LaTeX file (size option)
)
\c@part=\count188
\c@chapter=\count189
\c@section=\count190
\c@subsection=\count191
\c@subsubsection=\count192
\c@paragraph=\count193
\c@subparagraph=\count194
\c@figure=\count195
\c@table=\count196
\abovecaptionskip=\skip48
\belowcaptionskip=\skip49
\bibindent=\dimen140
)
(/Library/Frameworks/R.framework/Resources/share/texmf/tex/latex/Rd.sty
Package: Rd 

(/usr/local/texlive/2024/texmf-dist/tex/latex/base/ifthen.sty
Package: ifthen 2022/04/13 v1.1d Standard LaTeX ifthen package (DPC)
)
(/usr/local/texlive/2024/texmf-dist/tex/generic/iftex/iftex.sty
Package: iftex 2022/02/03 v1.0f TeX engine tests
)
(/usr/local/texlive/2024/texmf-dist/tex/latex/tools/longtable.sty
Package: longtable 2023-11-01 v4.19 Multi-page Table package (DPC)
\LTleft=\skip50
\LTright=\skip51
\LTpre=\skip52
\LTpost=\skip53
\LTchunksize=\count197
\LTcapwidth=\dimen141
\LT@head=\box51
\LT@firsthead=\box52
\LT@foot=\box53
\LT@lastfoot=\box54
\LT@gbox=\box55
\LT@cols=\count198
\LT@rows=\count199
\c@LT@tables=\count266
\c@LT@chunks=\count267
\LT@p@ftn=\toks17
)
(/usr/local/texlive/2024/texmf-dist/tex/latex/tools/bm.sty
Package: bm 2023/07/08 v1.2f Bold Symbol Support (DPC/FMi)
\symboldoperators=\mathgroup4
\symboldletters=\mathgroup5
\symboldsymbols=\mathgroup6
Package bm Info: No bold for \OMX/cmex/m/n, using \pmb.
LaTeX Font Info:    Redeclaring math alphabet \mathbf on input line 149.
)
(/usr/local/texlive/2024/texmf-dist/tex/latex/base/alltt.sty
Package: alltt 2021/01/29 v2.0g defines alltt environment
)
(/usr/local/texlive/2024/texmf-dist/tex/latex/tools/verbatim.sty
Package: verbatim 2023-11-06 v1.5v LaTeX2e package for verbatim enhancements
\every@verbatim=\toks18
\verbatim@line=\toks19
\verbatim@in@stream=\read2
)
(/usr/local/texlive/2024/texmf-dist/tex/latex/url/url.sty
\Urlmuskip=\muskip16
Package: url 2013/09/16  ver 3.4  Verb mode for urls, etc.
)
(/usr/local/texlive/2024/texmf-dist/tex/latex/base/textcomp.sty
Package: textcomp 2020/02/02 v2.0n Standard LaTeX package
)
(/usr/local/texlive/2024/texmf-dist/tex/latex/amsmath/amsmath.sty
Package: amsmath 2023/05/13 v2.17o AMS math features
\@mathmargin=\skip54

For additional information on amsmath, use the `?' option.
(/usr/local/texlive/2024/texmf-dist/tex/latex/amsmath/amstext.sty
Package: amstext 2021/08/26 v2.01 AMS text

(/usr/local/texlive/2024/texmf-dist/tex/latex/amsmath/amsgen.sty
File: amsgen.sty 1999/11/30 v2.0 generic functions
\@emptytoks=\toks20
\ex@=\dimen142
))
(/usr/local/texlive/2024/texmf-dist/tex/latex/amsmath/amsbsy.sty
Package: amsbsy 1999/11/29 v1.2d Bold Symbols
LaTeX Info: Redefining \boldsymbol on input line 28.
\pmbraise@=\dimen143
)
(/usr/local/texlive/2024/texmf-dist/tex/latex/amsmath/amsopn.sty
Package: amsopn 2022/04/08 v2.04 operator names
)
\inf@bad=\count268
LaTeX Info: Redefining \frac on input line 234.
\uproot@=\count269
\leftroot@=\count270
LaTeX Info: Redefining \overline on input line 399.
LaTeX Info: Redefining \colon on input line 410.
\classnum@=\count271
\DOTSCASE@=\count272
LaTeX Info: Redefining \ldots on input line 496.
LaTeX Info: Redefining \dots on input line 499.
LaTeX Info: Redefining \cdots on input line 620.
\Mathstrutbox@=\box56
\strutbox@=\box57
LaTeX Info: Redefining \big on input line 722.
LaTeX Info: Redefining \Big on input line 723.
LaTeX Info: Redefining \bigg on input line 724.
LaTeX Info: Redefining \Bigg on input line 725.
\big@size=\dimen144
LaTeX Font Info:    Redeclaring font encoding OML on input line 743.
LaTeX Font Info:    Redeclaring font encoding OMS on input line 744.
\macc@depth=\count273
LaTeX Info: Redefining \bmod on input line 905.
LaTeX Info: Redefining \pmod on input line 910.
LaTeX Info: Redefining \smash on input line 940.
LaTeX Info: Redefining \relbar on input line 970.
LaTeX Info: Redefining \Relbar on input line 971.
\c@MaxMatrixCols=\count274
\dotsspace@=\muskip17
\c@parentequation=\count275
\dspbrk@lvl=\count276
\tag@help=\toks21
\row@=\count277
\column@=\count278
\maxfields@=\count279
\andhelp@=\toks22
\eqnshift@=\dimen145
\alignsep@=\dimen146
\tagshift@=\dimen147
\tagwidth@=\dimen148
\totwidth@=\dimen149
\lineht@=\dimen150
\@envbody=\toks23
\multlinegap=\skip55
\multlinetaggap=\skip56
\mathdisplay@stack=\toks24
LaTeX Info: Redefining \[ on input line 2953.
LaTeX Info: Redefining \] on input line 2954.
)
(/usr/local/texlive/2024/texmf-dist/tex/latex/amsfonts/amsfonts.sty
Package: amsfonts 2013/01/14 v3.01 Basic AMSFonts support
\symAMSa=\mathgroup7
\symAMSb=\mathgroup8
LaTeX Font Info:    Redeclaring math symbol \hbar on input line 98.
LaTeX Font Info:    Overwriting math alphabet `\mathfrak' in version `bold'
(Font)                  U/euf/m/n --> U/euf/b/n on input line 106.
)
(/usr/local/texlive/2024/texmf-dist/tex/latex/amsfonts/amssymb.sty
Package: amssymb 2013/01/14 v3.01 AMS font symbols
)
(/usr/local/texlive/2024/texmf-dist/tex/latex/jknapltx/mathrsfs.sty
Package: mathrsfs 1996/01/01 Math RSFS package v1.0 (jk)
\symrsfs=\mathgroup9
)
\ldescriptionwidth=\skip57

(/usr/local/texlive/2024/texmf-dist/tex/latex/base/fontenc.sty
Package: fontenc 2021/04/29 v2.0v Standard LaTeX package
)
(/usr/local/texlive/2024/texmf-dist/tex/latex/psnfss/times.sty
Package: times 2020/03/25 PSNFSS-v9.3 (SPQR) 
)
(/usr/local/texlive/2024/texmf-dist/tex/latex/inconsolata/zi4.sty
Package: zi4 2019/05/17 v1.12

`inconsolata-zi4' v1.12, 2019/05/17 Text macros for Inconsolata (msharpe)
(/usr/local/texlive/2024/texmf-dist/tex/latex/xkeyval/xkeyval.sty
Package: xkeyval 2022/06/16 v2.9 package option processing (HA)

(/usr/local/texlive/2024/texmf-dist/tex/generic/xkeyval/xkeyval.tex
(/usr/local/texlive/2024/texmf-dist/tex/generic/xkeyval/xkvutils.tex
\XKV@toks=\toks25
\XKV@tempa@toks=\toks26

(/usr/local/texlive/2024/texmf-dist/tex/generic/xkeyval/keyval.tex))
\XKV@depth=\count280
File: xkeyval.tex 2014/12/03 v2.7a key=value parser (HA)
))
\zifour@ocount=\count281
)
(/usr/local/texlive/2024/texmf-dist/tex/latex/graphics/color.sty
Package: color 2022/01/06 v1.3d Standard LaTeX Color (DPC)

(/usr/local/texlive/2024/texmf-dist/tex/latex/graphics-cfg/color.cfg
File: color.cfg 2016/01/02 v1.6 sample color configuration
)
Package color Info: Driver file: pdftex.def on input line 149.

(/usr/local/texlive/2024/texmf-dist/tex/latex/graphics-def/pdftex.def
File: pdftex.def 2022/09/22 v1.2b Graphics/color driver for pdftex
)
(/usr/local/texlive/2024/texmf-dist/tex/latex/graphics/mathcolor.ltx))
(/usr/local/texlive/2024/texmf-dist/tex/latex/hyperref/hyperref.sty
Package: hyperref 2024-01-20 v7.01h Hypertext links for LaTeX

(/usr/local/texlive/2024/texmf-dist/tex/latex/kvsetkeys/kvsetkeys.sty
Package: kvsetkeys 2022-10-05 v1.19 Key value parser (HO)
)
(/usr/local/texlive/2024/texmf-dist/tex/generic/kvdefinekeys/kvdefinekeys.sty
Package: kvdefinekeys 2019-12-19 v1.6 Define keys (HO)
)
(/usr/local/texlive/2024/texmf-dist/tex/generic/pdfescape/pdfescape.sty
Package: pdfescape 2019/12/09 v1.15 Implements pdfTeX's escape features (HO)

(/usr/local/texlive/2024/texmf-dist/tex/generic/ltxcmds/ltxcmds.sty
Package: ltxcmds 2023-12-04 v1.26 LaTeX kernel commands for general use (HO)
)
(/usr/local/texlive/2024/texmf-dist/tex/generic/pdftexcmds/pdftexcmds.sty
Package: pdftexcmds 2020-06-27 v0.33 Utility functions of pdfTeX for LuaTeX (HO
)

(/usr/local/texlive/2024/texmf-dist/tex/generic/infwarerr/infwarerr.sty
Package: infwarerr 2019/12/03 v1.5 Providing info/warning/error messages (HO)
)
Package pdftexcmds Info: \pdf@primitive is available.
Package pdftexcmds Info: \pdf@ifprimitive is available.
Package pdftexcmds Info: \pdfdraftmode found.
))
(/usr/local/texlive/2024/texmf-dist/tex/latex/hycolor/hycolor.sty
Package: hycolor 2020-01-27 v1.10 Color options for hyperref/bookmark (HO)
)
(/usr/local/texlive/2024/texmf-dist/tex/latex/auxhook/auxhook.sty
Package: auxhook 2019-12-17 v1.6 Hooks for auxiliary files (HO)
)
(/usr/local/texlive/2024/texmf-dist/tex/latex/hyperref/nameref.sty
Package: nameref 2023-11-26 v2.56 Cross-referencing by name of section

(/usr/local/texlive/2024/texmf-dist/tex/latex/refcount/refcount.sty
Package: refcount 2019/12/15 v3.6 Data extraction from label references (HO)
)
(/usr/local/texlive/2024/texmf-dist/tex/generic/gettitlestring/gettitlestring.s
ty
Package: gettitlestring 2019/12/15 v1.6 Cleanup title references (HO)
 (/usr/local/texlive/2024/texmf-dist/tex/latex/kvoptions/kvoptions.sty
Package: kvoptions 2022-06-15 v3.15 Key value format for package options (HO)
))
\c@section@level=\count282
)
(/usr/local/texlive/2024/texmf-dist/tex/latex/etoolbox/etoolbox.sty
Package: etoolbox 2020/10/05 v2.5k e-TeX tools for LaTeX (JAW)
\etb@tempcnta=\count283
)
\@linkdim=\dimen151
\Hy@linkcounter=\count284
\Hy@pagecounter=\count285

(/usr/local/texlive/2024/texmf-dist/tex/latex/hyperref/pd1enc.def
File: pd1enc.def 2024-01-20 v7.01h Hyperref: PDFDocEncoding definition (HO)
Now handling font encoding PD1 ...
... no UTF-8 mapping file for font encoding PD1
)
(/usr/local/texlive/2024/texmf-dist/tex/generic/intcalc/intcalc.sty
Package: intcalc 2019/12/15 v1.3 Expandable calculations with integers (HO)
)
\Hy@SavedSpaceFactor=\count286

(/usr/local/texlive/2024/texmf-dist/tex/latex/hyperref/puenc.def
File: puenc.def 2024-01-20 v7.01h Hyperref: PDF Unicode definition (HO)
Now handling font encoding PU ...
... no UTF-8 mapping file for font encoding PU
)
Package hyperref Info: Hyper figures OFF on input line 4179.
Package hyperref Info: Link nesting OFF on input line 4184.
Package hyperref Info: Hyper index ON on input line 4187.
Package hyperref Info: Plain pages OFF on input line 4194.
Package hyperref Info: Backreferencing OFF on input line 4199.
Package hyperref Info: Implicit mode ON; LaTeX internals redefined.
Package hyperref Info: Bookmarks ON on input line 4446.
\c@Hy@tempcnt=\count287
LaTeX Info: Redefining \url on input line 4784.
\XeTeXLinkMargin=\dimen152

(/usr/local/texlive/2024/texmf-dist/tex/generic/bitset/bitset.sty
Package: bitset 2019/12/09 v1.3 Handle bit-vector datatype (HO)

(/usr/local/texlive/2024/texmf-dist/tex/generic/bigintcalc/bigintcalc.sty
Package: bigintcalc 2019/12/15 v1.5 Expandable calculations on big integers (HO
)
))
\Fld@menulength=\count288
\Field@Width=\dimen153
\Fld@charsize=\dimen154
Package hyperref Info: Hyper figures OFF on input line 6063.
Package hyperref Info: Link nesting OFF on input line 6068.
Package hyperref Info: Hyper index ON on input line 6071.
Package hyperref Info: backreferencing OFF on input line 6078.
Package hyperref Info: Link coloring OFF on input line 6083.
Package hyperref Info: Link coloring with OCG OFF on input line 6088.
Package hyperref Info: PDF/A mode OFF on input line 6093.

(/usr/local/texlive/2024/texmf-dist/tex/latex/base/atbegshi-ltx.sty
Package: atbegshi-ltx 2021/01/10 v1.0c Emulation of the original atbegshi
package with kernel methods
)
\Hy@abspage=\count289
\c@Item=\count290
\c@Hfootnote=\count291
)
Package hyperref Info: Driver (autodetected): hpdftex.

(/usr/local/texlive/2024/texmf-dist/tex/latex/hyperref/hpdftex.def
File: hpdftex.def 2024-01-20 v7.01h Hyperref driver for pdfTeX

(/usr/local/texlive/2024/texmf-dist/tex/latex/base/atveryend-ltx.sty
Package: atveryend-ltx 2020/08/19 v1.0a Emulation of the original atveryend pac
kage
with kernel methods
)
\Fld@listcount=\count292
\c@bookmark@seq@number=\count293

(/usr/local/texlive/2024/texmf-dist/tex/latex/rerunfilecheck/rerunfilecheck.sty
Package: rerunfilecheck 2022-07-10 v1.10 Rerun checks for auxiliary files (HO)

(/usr/local/texlive/2024/texmf-dist/tex/generic/uniquecounter/uniquecounter.sty
Package: uniquecounter 2019/12/15 v1.4 Provide unlimited unique counter (HO)
)
Package uniquecounter Info: New unique counter `rerunfilecheck' on input line 2
85.
)
\Hy@SectionHShift=\skip58
)
Package hyperref Info: Option `colorlinks' set `true' on input line 413.
Package hyperref Info: Option `linktocpage' set `true' on input line 413.
Package hyperref Info: Option `plainpages' set `false' on input line 413.
) (/usr/local/texlive/2024/texmf-dist/tex/latex/base/makeidx.sty
Package: makeidx 2021/10/04 v1.0m Standard LaTeX package
)
\@indexfile=\write3
\openout3 = `Rd2.idx'.


Writing index file Rd2.idx
LaTeX Font Info:    Trying to load font information for T1+ptm on input line 8.

(/usr/local/texlive/2024/texmf-dist/tex/latex/psnfss/t1ptm.fd
File: t1ptm.fd 2001/06/04 font definitions for T1/ptm.
)
(/usr/local/texlive/2024/texmf-dist/tex/latex/l3backend/l3backend-pdftex.def
File: l3backend-pdftex.def 2024-02-20 L3 backend support: PDF output (pdfTeX)
\l__color_backend_stack_int=\count294
\l__pdf_internal_box=\box58
)
(/private/var/folders/gv/l5wlstr55gl_g0pgx6k47z9m0000gn/T/RtmpGgTWFC/Rd2pdfc06a
2698d3bc/Rd2.aux)
\openout1 = `Rd2.aux'.

LaTeX Font Info:    Checking defaults for OML/cmm/m/it on input line 8.
LaTeX Font Info:    ... okay on input line 8.
LaTeX Font Info:    Checking defaults for OMS/cmsy/m/n on input line 8.
LaTeX Font Info:    ... okay on input line 8.
LaTeX Font Info:    Checking defaults for OT1/cmr/m/n on input line 8.
LaTeX Font Info:    ... okay on input line 8.
LaTeX Font Info:    Checking defaults for T1/cmr/m/n on input line 8.
LaTeX Font Info:    ... okay on input line 8.
LaTeX Font Info:    Checking defaults for TS1/cmr/m/n on input line 8.
LaTeX Font Info:    ... okay on input line 8.
LaTeX Font Info:    Checking defaults for OMX/cmex/m/n on input line 8.
LaTeX Font Info:    ... okay on input line 8.
LaTeX Font Info:    Checking defaults for U/cmr/m/n on input line 8.
LaTeX Font Info:    ... okay on input line 8.
LaTeX Font Info:    Checking defaults for PD1/pdf/m/n on input line 8.
LaTeX Font Info:    ... okay on input line 8.
LaTeX Font Info:    Checking defaults for PU/pdf/m/n on input line 8.
LaTeX Font Info:    ... okay on input line 8.

(/usr/local/texlive/2024/texmf-dist/tex/context/base/mkii/supp-pdf.mkii
[Loading MPS to PDF converter (version 2006.09.02).]
\scratchcounter=\count295
\scratchdimen=\dimen155
\scratchbox=\box59
\nofMPsegments=\count296
\nofMParguments=\count297
\everyMPshowfont=\toks27
\MPscratchCnt=\count298
\MPscratchDim=\dimen156
\MPnumerator=\count299
\makeMPintoPDFobject=\count300
\everyMPtoPDFconversion=\toks28
)
Package hyperref Info: Link coloring ON on input line 8.

(/private/var/folders/gv/l5wlstr55gl_g0pgx6k47z9m0000gn/T/RtmpGgTWFC/Rd2pdfc06a
2698d3bc/Rd2.out)
(/private/var/folders/gv/l5wlstr55gl_g0pgx6k47z9m0000gn/T/RtmpGgTWFC/Rd2pdfc06a
2698d3bc/Rd2.out)
\@outlinefile=\write4
\openout4 = `Rd2.out'.

LaTeX Font Info:    Trying to load font information for TS1+ptm on input line 3
0.

(/usr/local/texlive/2024/texmf-dist/tex/latex/psnfss/ts1ptm.fd
File: ts1ptm.fd 2001/06/04 font definitions for TS1/ptm.
)
LaTeX Font Info:    Trying to load font information for T1+zi4 on input line 31
.

(/usr/local/texlive/2024/texmf-dist/tex/latex/inconsolata/t1zi4.fd
File: t1zi4.fd 2018/01/14 T1/zi4 (Inconsolata)
)
LaTeX Font Info:    Font shape `T1/zi4/m/n' will be
(Font)              scaled to size 10.0pt on input line 31.
LaTeX Font Info:    Trying to load font information for U+msa on input line 31.


(/usr/local/texlive/2024/texmf-dist/tex/latex/amsfonts/umsa.fd
File: umsa.fd 2013/01/14 v3.01 AMS symbols A
)
LaTeX Font Info:    Trying to load font information for U+msb on input line 31.


(/usr/local/texlive/2024/texmf-dist/tex/latex/amsfonts/umsb.fd
File: umsb.fd 2013/01/14 v3.01 AMS symbols B
)
LaTeX Font Info:    Trying to load font information for U+rsfs on input line 31
.

(/usr/local/texlive/2024/texmf-dist/tex/latex/jknapltx/ursfs.fd
File: ursfs.fd 1998/03/24 rsfs font definition file (jk)
)
(/private/var/folders/gv/l5wlstr55gl_g0pgx6k47z9m0000gn/T/RtmpGgTWFC/Rd2pdfc06a
2698d3bc/Rd2.toc [1


{/usr/local/texlive/2024/texmf-var/fonts/map/pdftex/updmap/pdftex.map}{/usr/loc
al/texlive/2024/texmf-dist/fonts/enc/dvips/base/8r.enc}{/usr/local/texlive/2024
/texmf-dist/fonts/enc/dvips/inconsolata/i4-t1-0.enc}])
\tf@toc=\write5
\openout5 = `Rd2.toc'.


[2]
Overfull \hbox (9.47821pt too wide) in paragraph at lines 126--127
[]\T1/ptm/m/n/10 An op-tional nu-meric ma-trix con-tain-ing tab-u-lar in-for-ma
-tion used if []\T1/zi4/m/n/10 orthogonalize
 []

[3] [4]
Overfull \hbox (31.82806pt too wide) in paragraph at lines 190--191
[]\T1/ptm/m/n/10 String spec-i-fy-ing the im-age model ar-chi-tec-ture. Op-tion
s in-clude []\T1/zi4/m/n/10 "VisionTransformer"
 []


Overfull \hbox (8.68805pt too wide) in paragraph at lines 192--193
[]\T1/ptm/m/n/10 Optional string spec-i-fy-ing a pre-trained model to use. Op-t
ions in-clude []\T1/zi4/m/n/10 "vit-base"[]\T1/ptm/m/n/10 ,
 []


Overfull \hbox (14.82986pt too wide) in paragraph at lines 212--213
[]\T1/ptm/m/n/10 The buffer size used in []\T1/zi4/m/n/10 tfrecords []\T1/ptm/m
/n/10 mode is []\T1/zi4/m/n/10 batchSize*TfRecords_BufferScaler[]\T1/ptm/m/n/10
 .
 []


Overfull \hbox (12.21773pt too wide) in paragraph at lines 220--221
[]\T1/ptm/m/n/10 String spec-i-fy-ing how to ag-gre-gate em-bed-dings across ti
me pe-ri-ods for video/image
 []


Overfull \hbox (5.40855pt too wide) in paragraph at lines 222--223
[]\T1/ptm/m/n/10 String spec-i-fy-ing im-age data type. Op-tions are []\T1/zi4/
m/n/10 "float16" []\T1/ptm/m/n/10 (de-fault), []\T1/zi4/m/n/10 "bfloat16"[]\T1/
ptm/m/n/10 ,
 []

[5]
LaTeX Font Info:    Font shape `T1/zi4/m/n' will be
(Font)              scaled to size 9.0pt on input line 253.
 [6] [7]
Overfull \hbox (41.83833pt too wide) in paragraph at lines 351--352
[]\T1/ptm/m/n/10 String spec-i-fy-ing the het-ero-gene-ity model type. Op-tions
 in-clude []\T1/zi4/m/n/10 "variational_minimal"
 []


Overfull \hbox (8.68805pt too wide) in paragraph at lines 373--374
[]\T1/ptm/m/n/10 Optional string spec-i-fy-ing a pre-trained model to use. Op-t
ions in-clude []\T1/zi4/m/n/10 "vit-base"[]\T1/ptm/m/n/10 ,
 []

[8]
Overfull \hbox (31.82806pt too wide) in paragraph at lines 393--394
[]\T1/ptm/m/n/10 String spec-i-fy-ing the im-age model ar-chi-tec-ture. Op-tion
s in-clude []\T1/zi4/m/n/10 "VisionTransformer"
 []


Overfull \hbox (14.82986pt too wide) in paragraph at lines 404--405
[]\T1/ptm/m/n/10 The buffer size used in []\T1/zi4/m/n/10 tfrecords []\T1/ptm/m
/n/10 mode is []\T1/zi4/m/n/10 batchSize*TfRecords_BufferScaler[]\T1/ptm/m/n/10
 .
 []


Overfull \hbox (12.21773pt too wide) in paragraph at lines 412--413
[]\T1/ptm/m/n/10 String spec-i-fy-ing how to ag-gre-gate em-bed-dings across ti
me pe-ri-ods for video/image
 []

[9] [10] [11]
Overfull \hbox (6.17735pt too wide) in paragraph at lines 610--611
[]\T1/ptm/m/n/10 String: "pre_write" for WriteT-fRecord checks, "pre_analysis" 
for anal-y-sis checks.
 []

[12] [13]
Overfull \hbox (34.34856pt too wide) in paragraph at lines 688--689
[]\T1/ptm/m/n/10 (default = []\T1/zi4/m/n/10 "."[]\T1/ptm/m/n/10 ) What folder 
should be used to save the out-put? Ex-am-ple: []\T1/zi4/m/n/10 "~/Downloads" 
 []


Overfull \hbox (4.11911pt too wide) in paragraph at lines 721--722
[]\T1/ptm/m/n/10 Reads unique key in-dices from a []\T1/zi4/m/n/10 .tfrecord []
\T1/ptm/m/n/10 file saved via a call to []\T1/zi4/m/n/10 causalimages::WriteTfR
ecord[]\T1/ptm/m/n/10 . 
 []

[14] [15] [16]
Overfull \hbox (31.82806pt too wide) in paragraph at lines 843--844
[]\T1/ptm/m/n/10 String spec-i-fy-ing the im-age model ar-chi-tec-ture. Op-tion
s in-clude []\T1/zi4/m/n/10 "VisionTransformer"
 []


Overfull \hbox (0.4377pt too wide) in paragraph at lines 845--846
[]\T1/ptm/m/n/10 Numeric vec-tor of length 1-3 spec-i-fy-ing dataset mean(s) fo
r nor-mal-iza-tion. Used
 []

[17]
Overfull \hbox (14.82986pt too wide) in paragraph at lines 904--905
[]\T1/ptm/m/n/10 The buffer size used in []\T1/zi4/m/n/10 tfrecords []\T1/ptm/m
/n/10 mode is []\T1/zi4/m/n/10 batchSize*TfRecords_BufferScaler[]\T1/ptm/m/n/10
 .
 []


Overfull \hbox (12.21773pt too wide) in paragraph at lines 912--913
[]\T1/ptm/m/n/10 String spec-i-fy-ing how to ag-gre-gate em-bed-dings across ti
me pe-ri-ods for video/image
 []

[18]
Overfull \hbox (5.78995pt too wide) in paragraph at lines 931--932
[]\T1/zi4/m/n/10 ImageRepArm_OneObs,ImageRepArm_batch_R, ImageRepArm_batch \T1/
ptm/m/n/10 (func-tions) Im-age mod-
 []

[19] [20]
Overfull \hbox (6.71034pt too wide) in paragraph at lines 1090--1090
 []\T1/zi4/m/n/9 #                 CRS_ref = sf::st_crs("+proj=lcc +lat_1=48 +l
at_2=33 +lon_0=-100 +ellps=WGS84"))[] 
 []

[21] [22] [23]
Overfull \hbox (31.82806pt too wide) in paragraph at lines 1234--1235
[]\T1/ptm/m/n/10 String spec-i-fy-ing the im-age model ar-chi-tec-ture. Op-tion
s in-clude []\T1/zi4/m/n/10 "VisionTransformer"
 []


Overfull \hbox (8.68805pt too wide) in paragraph at lines 1236--1237
[]\T1/ptm/m/n/10 Optional string spec-i-fy-ing a pre-trained model to use. Op-t
ions in-clude []\T1/zi4/m/n/10 "vit-base"[]\T1/ptm/m/n/10 ,
 []

[24]
Overfull \hbox (14.82986pt too wide) in paragraph at lines 1256--1257
[]\T1/ptm/m/n/10 The buffer size used in []\T1/zi4/m/n/10 tfrecords []\T1/ptm/m
/n/10 mode is []\T1/zi4/m/n/10 batchSize*TfRecords_BufferScaler[]\T1/ptm/m/n/10
 .
 []


Overfull \hbox (12.21773pt too wide) in paragraph at lines 1264--1265
[]\T1/ptm/m/n/10 String spec-i-fy-ing how to ag-gre-gate em-bed-dings across ti
me pe-ri-ods for video/image
 []


Overfull \hbox (5.40855pt too wide) in paragraph at lines 1266--1267
[]\T1/ptm/m/n/10 String spec-i-fy-ing im-age data type. Op-tions are []\T1/zi4/
m/n/10 "float16" []\T1/ptm/m/n/10 (de-fault), []\T1/zi4/m/n/10 "bfloat16"[]\T1/
ptm/m/n/10 ,
 []


Overfull \hbox (47.02783pt too wide) in paragraph at lines 1274--1275
[]\T1/ptm/m/n/10 Path to save the eval-u-a-tion met-rics as a RDS file. De-faul
t = []\T1/zi4/m/n/10 "./evaluation_metrics.rds"[]\T1/ptm/m/n/10 . 
 []

[25] [26]
Overfull \hbox (122.28847pt too wide) in paragraph at lines 1389--1392
\T1/ptm/m/n/10 turns the cor-re-spond-ing im-age or video as an ar-ray of di-me
n-sions \T1/zi4/m/n/10 (length(keys), nSpatialDim1, nSpatialDim2, nChannels)
 []

[27]
Overfull \hbox (60.50006pt too wide) in paragraph at lines 1416--1417
\T1/ptm/m/n/10 for im-ages and \T1/zi4/m/n/10 (length(keys), nTimeSteps, nSpati
alDim1, nSpatialDim2, nChannels)
 []


(/private/var/folders/gv/l5wlstr55gl_g0pgx6k47z9m0000gn/T/RtmpGgTWFC/Rd2pdfc06a
2698d3bc/Rd2.ind [28]

LaTeX Font Warning: Font shape `T1/zi4/m/it' undefined
(Font)              using `T1/zi4/m/n' instead on input line 24.

LaTeX Font Info:    Font shape `T1/zi4/m/it' will be
(Font)              scaled to size 10.0pt on input line 41.
[29


])
(/private/var/folders/gv/l5wlstr55gl_g0pgx6k47z9m0000gn/T/RtmpGgTWFC/Rd2pdfc06a
2698d3bc/Rd2.aux)
 ***********
LaTeX2e <2023-11-01> patch level 1
L3 programming layer <2024-02-20>
 ***********


LaTeX Font Warning: Some font shapes were not available, defaults substituted.

Package rerunfilecheck Info: File `Rd2.out' has not changed.
(rerunfilecheck)             Checksum: 8E4667B52D43E88ED981F023CD5E2FC6;2494.
 ) 
Here is how much of TeX's memory you used:
 10688 strings out of 474116
 161784 string characters out of 5743683
 1940187 words of memory out of 5000000
 32706 multiletter control sequences out of 15000+600000
 591936 words of font info for 79 fonts, out of 8000000 for 9000
 1141 hyphenation exceptions out of 8191
 92i,6n,95p,672b,737s stack positions out of 10000i,1000n,20000p,200000b,200000s
</usr/local/texlive/2024/texmf-dist/fonts/type1/public/inconsolata/Inconsolat
a-zi4r.pfb></usr/local/texlive/2024/texmf-dist/fonts/type1/public/amsfonts/cm/c
msy10.pfb></usr/local/texlive/2024/texmf-dist/fonts/type1/urw/times/utmb8a.pfb>
</usr/local/texlive/2024/texmf-dist/fonts/type1/urw/times/utmr8a.pfb></usr/loca
l/texlive/2024/texmf-dist/fonts/type1/urw/times/utmr8a.pfb></usr/local/texlive/
2024/texmf-dist/fonts/type1/urw/times/utmri8a.pfb>
Output written on Rd2.pdf (29 pages, 151612 bytes).
PDF statistics:
 449 PDF objects out of 1000 (max. 8388607)
 401 compressed objects within 5 object streams
 164 named destinations out of 1000 (max. 500000)
 153 words of extra memory for PDF output out of 10000 (max. 10000000)

